Determining if the pthread_create exist failed with the following output:
Change Dir: /home/nvidia/autonomous-rc/build/CMakeFiles/CMakeTmp

Run Build Command:"/usr/bin/make" "cmTC_e7c47/fast"
/usr/bin/make -f CMakeFiles/cmTC_e7c47.dir/build.make CMakeFiles/cmTC_e7c47.dir/build
make[1]: Entering directory '/home/nvidia/autonomous-rc/build/CMakeFiles/CMakeTmp'
Building C object CMakeFiles/cmTC_e7c47.dir/CheckSymbolExists.c.o
/usr/bin/cc     -o CMakeFiles/cmTC_e7c47.dir/CheckSymbolExists.c.o   -c /home/nvidia/autonomous-rc/build/CMakeFiles/CMakeTmp/CheckSymbolExists.c
Linking C executable cmTC_e7c47
/usr/bin/cmake -E cmake_link_script CMakeFiles/cmTC_e7c47.dir/link.txt --verbose=1
/usr/bin/cc       CMakeFiles/cmTC_e7c47.dir/CheckSymbolExists.c.o  -o cmTC_e7c47 -rdynamic 
CMakeFiles/cmTC_e7c47.dir/CheckSymbolExists.c.o: In function `main':
CheckSymbolExists.c:(.text+0x14): undefined reference to `pthread_create'
CheckSymbolExists.c:(.text+0x18): undefined reference to `pthread_create'
collect2: error: ld returned 1 exit status
CMakeFiles/cmTC_e7c47.dir/build.make:97: recipe for target 'cmTC_e7c47' failed
make[1]: *** [cmTC_e7c47] Error 1
make[1]: Leaving directory '/home/nvidia/autonomous-rc/build/CMakeFiles/CMakeTmp'
Makefile:126: recipe for target 'cmTC_e7c47/fast' failed
make: *** [cmTC_e7c47/fast] Error 2

File /home/nvidia/autonomous-rc/build/CMakeFiles/CMakeTmp/CheckSymbolExists.c:
/* */
#include <pthread.h>

int main(int argc, char** argv)
{
  (void)argv;
#ifndef pthread_create
  return ((int*)(&pthread_create))[argc];
#else
  (void)argc;
  return 0;
#endif
}

Determining if the function pthread_create exists in the pthreads failed with the following output:
Change Dir: /home/nvidia/autonomous-rc/build/CMakeFiles/CMakeTmp

Run Build Command:"/usr/bin/make" "cmTC_0160e/fast"
/usr/bin/make -f CMakeFiles/cmTC_0160e.dir/build.make CMakeFiles/cmTC_0160e.dir/build
make[1]: Entering directory '/home/nvidia/autonomous-rc/build/CMakeFiles/CMakeTmp'
Building C object CMakeFiles/cmTC_0160e.dir/CheckFunctionExists.c.o
/usr/bin/cc    -DCHECK_FUNCTION_EXISTS=pthread_create   -o CMakeFiles/cmTC_0160e.dir/CheckFunctionExists.c.o   -c /usr/share/cmake-3.5/Modules/CheckFunctionExists.c
Linking C executable cmTC_0160e
/usr/bin/cmake -E cmake_link_script CMakeFiles/cmTC_0160e.dir/link.txt --verbose=1
/usr/bin/cc   -DCHECK_FUNCTION_EXISTS=pthread_create    CMakeFiles/cmTC_0160e.dir/CheckFunctionExists.c.o  -o cmTC_0160e -rdynamic -lpthreads 
/usr/bin/ld: cannot find -lpthreads
collect2: error: ld returned 1 exit status
CMakeFiles/cmTC_0160e.dir/build.make:97: recipe for target 'cmTC_0160e' failed
make[1]: *** [cmTC_0160e] Error 1
make[1]: Leaving directory '/home/nvidia/autonomous-rc/build/CMakeFiles/CMakeTmp'
Makefile:126: recipe for target 'cmTC_0160e/fast' failed
make: *** [cmTC_0160e/fast] Error 2


